# JRE version: Java(TM) SE Runtime Environment (7.0_67-b01) (build 1.7.0_67-b01)
# Java VM: Java HotSpot(TM) Server VM (24.65-b04 mixed mode linux-x86 )
Heap
 PSYoungGen      total 166912K, used 99729K [0x9e1c0000, 0xaaa00000, 0xb3740000)
  eden space 158720K, 61% used [0x9e1c0000,0xa41806f8,0xa7cc0000)
  from space 8192K, 20% used [0xa8480000,0xa8624000,0xa8c80000)
  to   space 7936K, 0% used [0xa7cc0000,0xa7cc0000,0xa8480000)
 ParOldGen       total 350464K, used 343882K [0x73740000, 0x88d80000, 0x9e1c0000)
  object space 350464K, 98% used [0x73740000,0x88712a70,0x88d80000)
 PSPermGen       total 155648K, used 111550K [0x63740000, 0x6cf40000, 0x73740000)
  object space 155648K, 71% used [0x63740000,0x6a42f998,0x6cf40000)
GC Heap History (10 events):
Event: 6419.600 GC heap before
{Heap before GC invocations=200 (full 10):
 PSYoungGen      total 165120K, used 157504K [0x9e1c0000, 0xa8c80000, 0xb3740000)
  eden space 155648K, 100% used [0x9e1c0000,0xa79c0000,0xa79c0000)
  from space 9472K, 19% used [0xa79c0000,0xa7b90000,0xa8300000)
  to   space 9216K, 0% used [0xa8380000,0xa8380000,0xa8c80000)
 ParOldGen       total 350464K, used 342742K [0x73740000, 0x88d80000, 0x9e1c0000)
  object space 350464K, 97% used [0x73740000,0x885f5880,0x88d80000)
 PSPermGen       total 155648K, used 111537K [0x63740000, 0x6cf40000, 0x73740000)
  object space 155648K, 71% used [0x63740000,0x6a42c4d8,0x6cf40000)
Event: 6419.611 GC heap after
Heap after GC invocations=200 (full 10):
 PSYoungGen      total 165888K, used 2117K [0x9e1c0000, 0xa8c80000, 0xb3740000)
  eden space 156672K, 0% used [0x9e1c0000,0x9e1c0000,0xa7ac0000)
  from space 9216K, 22% used [0xa8380000,0xa8591788,0xa8c80000)
  to   space 8960K, 0% used [0xa7ac0000,0xa7ac0000,0xa8380000)
 ParOldGen       total 350464K, used 342742K [0x73740000, 0x88d80000, 0x9e1c0000)
  object space 350464K, 97% used [0x73740000,0x885f5880,0x88d80000)
 PSPermGen       total 155648K, used 111537K [0x63740000, 0x6cf40000, 0x73740000)
  object space 155648K, 71% used [0x63740000,0x6a42c4d8,0x6cf40000)
}
Event: 6435.072 GC heap before
{Heap before GC invocations=201 (full 10):
 PSYoungGen      total 165888K, used 158789K [0x9e1c0000, 0xa8c80000, 0xb3740000)
  eden space 156672K, 100% used [0x9e1c0000,0xa7ac0000,0xa7ac0000)
  from space 9216K, 22% used [0xa8380000,0xa8591788,0xa8c80000)
  to   space 8960K, 0% used [0xa7ac0000,0xa7ac0000,0xa8380000)
 ParOldGen       total 350464K, used 342742K [0x73740000, 0x88d80000, 0x9e1c0000)
  object space 350464K, 97% used [0x73740000,0x885f5880,0x88d80000)
 PSPermGen       total 155648K, used 111540K [0x63740000, 0x6cf40000, 0x73740000)
  object space 155648K, 71% used [0x63740000,0x6a42d228,0x6cf40000)
Event: 6435.082 GC heap after
Heap after GC invocations=201 (full 10):
 PSYoungGen      total 165632K, used 2107K [0x9e1c0000, 0xa8c80000, 0xb3740000)
  eden space 156672K, 0% used [0x9e1c0000,0x9e1c0000,0xa7ac0000)
  from space 8960K, 23% used [0xa7ac0000,0xa7cced70,0xa8380000)
  to   space 8704K, 0% used [0xa8400000,0xa8400000,0xa8c80000)
 ParOldGen       total 350464K, used 342988K [0x73740000, 0x88d80000, 0x9e1c0000)
  object space 350464K, 97% used [0x73740000,0x88633178,0x88d80000)
 PSPermGen       total 155648K, used 111540K [0x63740000, 0x6cf40000, 0x73740000)
  object space 155648K, 71% used [0x63740000,0x6a42d228,0x6cf40000)
}
Event: 6435.553 GC heap before
{Heap before GC invocations=202 (full 10):
 PSYoungGen      total 165632K, used 158779K [0x9e1c0000, 0xa8c80000, 0xb3740000)
  eden space 156672K, 100% used [0x9e1c0000,0xa7ac0000,0xa7ac0000)
  from space 8960K, 23% used [0xa7ac0000,0xa7cced70,0xa8380000)
  to   space 8704K, 0% used [0xa8400000,0xa8400000,0xa8c80000)
 ParOldGen       total 350464K, used 342988K [0x73740000, 0x88d80000, 0x9e1c0000)
  object space 350464K, 97% used [0x73740000,0x88633178,0x88d80000)
 PSPermGen       total 155648K, used 111542K [0x63740000, 0x6cf40000, 0x73740000)
  object space 155648K, 71% used [0x63740000,0x6a42d888,0x6cf40000)
Event: 6435.563 GC heap after
Heap after GC invocations=202 (full 10):
 PSYoungGen      total 166400K, used 2282K [0x9e1c0000, 0xa8c80000, 0xb3740000)
  eden space 157696K, 0% used [0x9e1c0000,0x9e1c0000,0xa7bc0000)
  from space 8704K, 26% used [0xa8400000,0xa863a9a0,0xa8c80000)
  to   space 8448K, 0% used [0xa7bc0000,0xa7bc0000,0xa8400000)
 ParOldGen       total 350464K, used 343269K [0x73740000, 0x88d80000, 0x9e1c0000)
  object space 350464K, 97% used [0x73740000,0x88679440,0x88d80000)
 PSPermGen       total 155648K, used 111542K [0x63740000, 0x6cf40000, 0x73740000)
  object space 155648K, 71% used [0x63740000,0x6a42d888,0x6cf40000)
}
Event: 6437.006 GC heap before
{Heap before GC invocations=203 (full 10):
 PSYoungGen      total 166400K, used 159978K [0x9e1c0000, 0xa8c80000, 0xb3740000)
  eden space 157696K, 100% used [0x9e1c0000,0xa7bc0000,0xa7bc0000)
  from space 8704K, 26% used [0xa8400000,0xa863a9a0,0xa8c80000)
  to   space 8448K, 0% used [0xa7bc0000,0xa7bc0000,0xa8400000)
 ParOldGen       total 350464K, used 343269K [0x73740000, 0x88d80000, 0x9e1c0000)
  object space 350464K, 97% used [0x73740000,0x88679440,0x88d80000)
 PSPermGen       total 155648K, used 111543K [0x63740000, 0x6cf40000, 0x73740000)
  object space 155648K, 71% used [0x63740000,0x6a42dc28,0x6cf40000)
Event: 6437.019 GC heap after
Heap after GC invocations=203 (full 10):
 PSYoungGen      total 166144K, used 1768K [0x9e1c0000, 0xa8c80000, 0xb3740000)
  eden space 157696K, 0% used [0x9e1c0000,0x9e1c0000,0xa7bc0000)
  from space 8448K, 20% used [0xa7bc0000,0xa7d7a210,0xa8400000)
  to   space 8192K, 0% used [0xa8480000,0xa8480000,0xa8c80000)
 ParOldGen       total 350464K, used 343708K [0x73740000, 0x88d80000, 0x9e1c0000)
  object space 350464K, 98% used [0x73740000,0x886e7360,0x88d80000)
 PSPermGen       total 155648K, used 111543K [0x63740000, 0x6cf40000, 0x73740000)
  object space 155648K, 71% used [0x63740000,0x6a42dc28,0x6cf40000)
}
Event: 6437.467 GC heap before
{Heap before GC invocations=204 (full 10):
 PSYoungGen      total 166144K, used 159464K [0x9e1c0000, 0xa8c80000, 0xb3740000)
  eden space 157696K, 100% used [0x9e1c0000,0xa7bc0000,0xa7bc0000)
  from space 8448K, 20% used [0xa7bc0000,0xa7d7a210,0xa8400000)
  to   space 8192K, 0% used [0xa8480000,0xa8480000,0xa8c80000)
 ParOldGen       total 350464K, used 343708K [0x73740000, 0x88d80000, 0x9e1c0000)
  object space 350464K, 98% used [0x73740000,0x886e7360,0x88d80000)
 PSPermGen       total 155648K, used 111543K [0x63740000, 0x6cf40000, 0x73740000)
  object space 155648K, 71% used [0x63740000,0x6a42dde0,0x6cf40000)
Event: 6437.477 GC heap after
Heap after GC invocations=204 (full 10):
 PSYoungGen      total 166912K, used 1680K [0x9e1c0000, 0xaaa00000, 0xb3740000)
  eden space 158720K, 0% used [0x9e1c0000,0x9e1c0000,0xa7cc0000)
  from space 8192K, 20% used [0xa8480000,0xa8624000,0xa8c80000)
  to   space 7936K, 0% used [0xa7cc0000,0xa7cc0000,0xa8480000)
 ParOldGen       total 350464K, used 343882K [0x73740000, 0x88d80000, 0x9e1c0000)
  object space 350464K, 98% used [0x73740000,0x88712a70,0x88d80000)
 PSPermGen       total 155648K, used 111543K [0x63740000, 0x6cf40000, 0x73740000)
  object space 155648K, 71% used [0x63740000,0x6a42dde0,0x6cf40000)
}

